# Logfile created on 2013-12-31 00:11:00 -0500 by logger.rb/44203
I, [2013-12-31T00:11:00.592467 #1755]  INFO -- : 0:  addressable (2.3.5) from /home/laura/.rvm/gems/ruby-2.1.0/specifications/addressable-2.3.5.gemspec
I, [2013-12-31T00:11:01.543874 #1755]  INFO -- : 0:  launchy (2.1.2) from /home/laura/.rvm/gems/ruby-2.1.0/specifications/launchy-2.1.2.gemspec
I, [2013-12-31T00:11:02.914233 #1755]  INFO -- : 0:  multi_json (1.8.2) from /home/laura/.rvm/gems/ruby-2.1.0/specifications/multi_json-1.8.2.gemspec
I, [2013-12-31T00:11:03.771348 #1755]  INFO -- : 0:  promise (0.3.0) from /home/laura/.rvm/gems/ruby-2.1.0/specifications/promise-0.3.0.gemspec
I, [2013-12-31T00:11:05.443463 #1755]  INFO -- : 0:  rack (1.5.2) from /home/laura/.rvm/gems/ruby-2.1.0/specifications/rack-1.5.2.gemspec
I, [2013-12-31T00:11:06.411887 #1755]  INFO -- : 0:  rack-protection (1.5.1) from /home/laura/.rvm/gems/ruby-2.1.0/specifications/rack-protection-1.5.1.gemspec
I, [2013-12-31T00:11:07.471238 #1755]  INFO -- : 0:  simple_oauth (0.2.0) from /home/laura/.rvm/gems/ruby-2.1.0/specifications/simple_oauth-0.2.0.gemspec
I, [2013-12-31T00:11:08.908263 #1755]  INFO -- : 0:  tilt (1.4.1) from /home/laura/.rvm/gems/ruby-2.1.0/specifications/tilt-1.4.1.gemspec
I, [2013-12-31T00:11:10.899784 #1755]  INFO -- : 0:  sinatra (1.4.4) from /home/laura/.rvm/gems/ruby-2.1.0/specifications/sinatra-1.4.4.gemspec
I, [2013-12-31T00:11:12.391588 #1755]  INFO -- : 0:  thor (0.18.1) from /home/laura/.rvm/gems/ruby-2.1.0/specifications/thor-0.18.1.gemspec
I, [2013-12-31T00:11:13.751015 #1755]  INFO -- : 0:  weary (1.1.3) from /home/laura/.rvm/gems/ruby-2.1.0/specifications/weary-1.1.3.gemspec
I, [2013-12-31T00:11:16.468147 #1755]  INFO -- : 0:  tumblr-rb (2.1.1) from /home/laura/.rvm/gems/ruby-2.1.0/specifications/tumblr-rb-2.1.1.gemspec
I, [2013-12-31T00:11:16.468497 #1755]  INFO -- : 0:  bundler (1.5.1) from /home/laura/.rvm/gems/ruby-2.1.0@global/specifications/bundler-1.5.1.gemspec
I, [2013-12-31T00:19:05.126025 #16498]  INFO -- : 0:  multipart-post (1.2.0) from /home/laura/.rvm/gems/ruby-1.9.3-p484/specifications/multipart-post-1.2.0.gemspec
I, [2013-12-31T00:19:06.519863 #16498]  INFO -- : 0:  faraday (0.8.8) from /home/laura/.rvm/gems/ruby-1.9.3-p484/specifications/faraday-0.8.8.gemspec
I, [2013-12-31T00:19:07.544192 #16498]  INFO -- : 0:  faraday_middleware (0.9.0) from /home/laura/.rvm/gems/ruby-1.9.3-p484/specifications/faraday_middleware-0.9.0.gemspec
I, [2013-12-31T00:19:09.671572 #16498]  INFO -- : 0:  json (1.8.1) from /home/laura/.rvm/gems/ruby-1.9.3-p484/specifications/json-1.8.1.gemspec
I, [2013-12-31T00:19:10.862260 #16498]  INFO -- : 0:  mime-types (2.0) from /home/laura/.rvm/gems/ruby-1.9.3-p484/specifications/mime-types-2.0.gemspec
I, [2013-12-31T00:19:11.898261 #16498]  INFO -- : 0:  oauth (0.4.7) from /home/laura/.rvm/gems/ruby-1.9.3-p484/specifications/oauth-0.4.7.gemspec
I, [2013-12-31T00:19:13.591981 #16498]  INFO -- : 0:  rack (1.5.2) from /home/laura/.rvm/gems/ruby-1.9.3-p484/specifications/rack-1.5.2.gemspec
I, [2013-12-31T00:19:14.517443 #16498]  INFO -- : 0:  rack-protection (1.5.1) from /home/laura/.rvm/gems/ruby-1.9.3-p484/specifications/rack-protection-1.5.1.gemspec
I, [2013-12-31T00:19:15.441356 #16498]  INFO -- : 0:  simple_oauth (0.2.0) from /home/laura/.rvm/gems/ruby-1.9.3-p484/specifications/simple_oauth-0.2.0.gemspec
I, [2013-12-31T00:19:16.765459 #16498]  INFO -- : 0:  tilt (1.4.1) from /home/laura/.rvm/gems/ruby-1.9.3-p484/specifications/tilt-1.4.1.gemspec
I, [2013-12-31T00:19:18.590981 #16498]  INFO -- : 0:  sinatra (1.4.4) from /home/laura/.rvm/gems/ruby-1.9.3-p484/specifications/sinatra-1.4.4.gemspec
I, [2013-12-31T00:19:19.948612 #16498]  INFO -- : 0:  tumblr_client (0.8.2) from /home/laura/.rvm/gems/ruby-1.9.3-p484/specifications/tumblr_client-0.8.2.gemspec
I, [2013-12-31T00:19:19.949121 #16498]  INFO -- : 0:  bundler (1.5.1) from /home/laura/.rvm/gems/ruby-1.9.3-p484@global/specifications/bundler-1.5.1.gemspec
I, [2013-12-31T13:09:38.546557 #19984]  INFO -- : 0:  multipart-post (1.2.0) from /home/laura/.rvm/gems/ruby-1.9.3-p484/specifications/multipart-post-1.2.0.gemspec
I, [2013-12-31T13:09:38.546953 #19984]  INFO -- : 0:  faraday (0.8.8) from /home/laura/.rvm/gems/ruby-1.9.3-p484/specifications/faraday-0.8.8.gemspec
I, [2013-12-31T13:09:38.547233 #19984]  INFO -- : 0:  faraday_middleware (0.9.0) from /home/laura/.rvm/gems/ruby-1.9.3-p484/specifications/faraday_middleware-0.9.0.gemspec
I, [2013-12-31T13:09:38.547480 #19984]  INFO -- : 0:  json (1.8.1) from /home/laura/.rvm/gems/ruby-1.9.3-p484/specifications/json-1.8.1.gemspec
I, [2013-12-31T13:09:38.547719 #19984]  INFO -- : 0:  mime-types (2.0) from /home/laura/.rvm/gems/ruby-1.9.3-p484/specifications/mime-types-2.0.gemspec
I, [2013-12-31T13:09:38.547953 #19984]  INFO -- : 0:  oauth (0.4.7) from /home/laura/.rvm/gems/ruby-1.9.3-p484/specifications/oauth-0.4.7.gemspec
I, [2013-12-31T13:09:38.548187 #19984]  INFO -- : 0:  rack (1.5.2) from /home/laura/.rvm/gems/ruby-1.9.3-p484/specifications/rack-1.5.2.gemspec
I, [2013-12-31T13:09:38.548420 #19984]  INFO -- : 0:  rack-protection (1.5.1) from /home/laura/.rvm/gems/ruby-1.9.3-p484/specifications/rack-protection-1.5.1.gemspec
I, [2013-12-31T13:09:38.548727 #19984]  INFO -- : 0:  simple_oauth (0.2.0) from /home/laura/.rvm/gems/ruby-1.9.3-p484/specifications/simple_oauth-0.2.0.gemspec
I, [2013-12-31T13:09:38.548962 #19984]  INFO -- : 0:  tilt (1.4.1) from /home/laura/.rvm/gems/ruby-1.9.3-p484/specifications/tilt-1.4.1.gemspec
I, [2013-12-31T13:09:38.549194 #19984]  INFO -- : 0:  sinatra (1.4.4) from /home/laura/.rvm/gems/ruby-1.9.3-p484/specifications/sinatra-1.4.4.gemspec
I, [2013-12-31T13:09:38.549424 #19984]  INFO -- : 0:  tumblr_client (0.8.2) from /home/laura/.rvm/gems/ruby-1.9.3-p484/specifications/tumblr_client-0.8.2.gemspec
I, [2013-12-31T13:09:38.549651 #19984]  INFO -- : 0:  bundler (1.5.1) from /home/laura/.rvm/gems/ruby-1.9.3-p484@global/specifications/bundler-1.5.1.gemspec
I, [2013-12-31T13:54:42.666863 #20453]  INFO -- : 0:  multipart-post (1.2.0) from /home/laura/.rvm/gems/ruby-1.9.3-p484/specifications/multipart-post-1.2.0.gemspec
I, [2013-12-31T13:54:42.667197 #20453]  INFO -- : 0:  faraday (0.8.8) from /home/laura/.rvm/gems/ruby-1.9.3-p484/specifications/faraday-0.8.8.gemspec
I, [2013-12-31T13:54:42.667451 #20453]  INFO -- : 0:  faraday_middleware (0.9.0) from /home/laura/.rvm/gems/ruby-1.9.3-p484/specifications/faraday_middleware-0.9.0.gemspec
I, [2013-12-31T13:54:42.667700 #20453]  INFO -- : 0:  json (1.8.1) from /home/laura/.rvm/gems/ruby-1.9.3-p484/specifications/json-1.8.1.gemspec
I, [2013-12-31T13:54:42.667942 #20453]  INFO -- : 0:  mime-types (2.0) from /home/laura/.rvm/gems/ruby-1.9.3-p484/specifications/mime-types-2.0.gemspec
I, [2013-12-31T13:54:42.668192 #20453]  INFO -- : 0:  oauth (0.4.7) from /home/laura/.rvm/gems/ruby-1.9.3-p484/specifications/oauth-0.4.7.gemspec
I, [2013-12-31T13:54:42.668445 #20453]  INFO -- : 0:  rack (1.5.2) from /home/laura/.rvm/gems/ruby-1.9.3-p484/specifications/rack-1.5.2.gemspec
I, [2013-12-31T13:54:42.668691 #20453]  INFO -- : 0:  rack-protection (1.5.1) from /home/laura/.rvm/gems/ruby-1.9.3-p484/specifications/rack-protection-1.5.1.gemspec
I, [2013-12-31T13:54:42.668942 #20453]  INFO -- : 0:  simple_oauth (0.2.0) from /home/laura/.rvm/gems/ruby-1.9.3-p484/specifications/simple_oauth-0.2.0.gemspec
I, [2013-12-31T13:54:42.669198 #20453]  INFO -- : 0:  tilt (1.4.1) from /home/laura/.rvm/gems/ruby-1.9.3-p484/specifications/tilt-1.4.1.gemspec
I, [2013-12-31T13:54:42.669443 #20453]  INFO -- : 0:  sinatra (1.4.4) from /home/laura/.rvm/gems/ruby-1.9.3-p484/specifications/sinatra-1.4.4.gemspec
I, [2013-12-31T13:54:42.669686 #20453]  INFO -- : 0:  tumblr_client (0.8.2) from /home/laura/.rvm/gems/ruby-1.9.3-p484/specifications/tumblr_client-0.8.2.gemspec
I, [2013-12-31T13:54:42.669929 #20453]  INFO -- : 0:  bundler (1.5.1) from /home/laura/.rvm/gems/ruby-1.9.3-p484@global/specifications/bundler-1.5.1.gemspec
I, [2014-01-01T13:54:19.324949 #30066]  INFO -- : 0:  multipart-post (1.2.0) from /home/laura/.rvm/gems/ruby-2.1.0/specifications/multipart-post-1.2.0.gemspec
I, [2014-01-01T13:54:20.795832 #30066]  INFO -- : 0:  faraday (0.8.8) from /home/laura/.rvm/gems/ruby-2.1.0/specifications/faraday-0.8.8.gemspec
I, [2014-01-01T13:54:21.831492 #30066]  INFO -- : 0:  faraday_middleware (0.9.0) from /home/laura/.rvm/gems/ruby-2.1.0/specifications/faraday_middleware-0.9.0.gemspec
I, [2014-01-01T13:54:24.034750 #30066]  INFO -- : 0:  json (1.8.1) from /home/laura/.rvm/gems/ruby-2.1.0/specifications/json-1.8.1.gemspec
I, [2014-01-01T13:54:25.227339 #30066]  INFO -- : 0:  mime-types (2.0) from /home/laura/.rvm/gems/ruby-2.1.0/specifications/mime-types-2.0.gemspec
I, [2014-01-01T13:54:25.227949 #30066]  INFO -- : 0:  oauth (0.4.7) from /home/laura/.rvm/gems/ruby-2.1.0/specifications/oauth-0.4.7.gemspec
I, [2014-01-01T13:54:25.228334 #30066]  INFO -- : 0:  rack (1.5.2) from /home/laura/.rvm/gems/ruby-2.1.0/specifications/rack-1.5.2.gemspec
I, [2014-01-01T13:54:25.228710 #30066]  INFO -- : 0:  rack-protection (1.5.1) from /home/laura/.rvm/gems/ruby-2.1.0/specifications/rack-protection-1.5.1.gemspec
I, [2014-01-01T13:54:25.229083 #30066]  INFO -- : 0:  simple_oauth (0.2.0) from /home/laura/.rvm/gems/ruby-2.1.0/specifications/simple_oauth-0.2.0.gemspec
I, [2014-01-01T13:54:25.229449 #30066]  INFO -- : 0:  tilt (1.4.1) from /home/laura/.rvm/gems/ruby-2.1.0/specifications/tilt-1.4.1.gemspec
I, [2014-01-01T13:54:25.229814 #30066]  INFO -- : 0:  sinatra (1.4.4) from /home/laura/.rvm/gems/ruby-2.1.0/specifications/sinatra-1.4.4.gemspec
I, [2014-01-01T13:54:26.562989 #30066]  INFO -- : 0:  tumblr_client (0.8.2) from /home/laura/.rvm/gems/ruby-2.1.0/specifications/tumblr_client-0.8.2.gemspec
I, [2014-01-01T13:54:26.578592 #30066]  INFO -- : 0:  bundler (1.5.1) from /home/laura/.rvm/gems/ruby-2.1.0@global/specifications/bundler-1.5.1.gemspec
I, [2014-01-01T13:57:41.821920 #30328]  INFO -- : 0:  multipart-post (1.2.0) from /home/laura/.rvm/gems/ruby-1.9.3-p484/specifications/multipart-post-1.2.0.gemspec
I, [2014-01-01T13:57:41.822292 #30328]  INFO -- : 0:  faraday (0.8.8) from /home/laura/.rvm/gems/ruby-1.9.3-p484/specifications/faraday-0.8.8.gemspec
I, [2014-01-01T13:57:41.822633 #30328]  INFO -- : 0:  faraday_middleware (0.9.0) from /home/laura/.rvm/gems/ruby-1.9.3-p484/specifications/faraday_middleware-0.9.0.gemspec
I, [2014-01-01T13:57:42.980335 #30328]  INFO -- : 0:  hashie (2.0.5) from /home/laura/.rvm/gems/ruby-1.9.3-p484/specifications/hashie-2.0.5.gemspec
I, [2014-01-01T13:57:42.980833 #30328]  INFO -- : 0:  json (1.8.1) from /home/laura/.rvm/gems/ruby-1.9.3-p484/specifications/json-1.8.1.gemspec
I, [2014-01-01T13:57:42.981071 #30328]  INFO -- : 0:  mime-types (2.0) from /home/laura/.rvm/gems/ruby-1.9.3-p484/specifications/mime-types-2.0.gemspec
I, [2014-01-01T13:57:44.449387 #30328]  INFO -- : 0:  multi_json (1.8.2) from /home/laura/.rvm/gems/ruby-1.9.3-p484/specifications/multi_json-1.8.2.gemspec
I, [2014-01-01T13:57:44.450714 #30328]  INFO -- : 0:  oauth (0.4.7) from /home/laura/.rvm/gems/ruby-1.9.3-p484/specifications/oauth-0.4.7.gemspec
I, [2014-01-01T13:57:44.451608 #30328]  INFO -- : 0:  rack (1.5.2) from /home/laura/.rvm/gems/ruby-1.9.3-p484/specifications/rack-1.5.2.gemspec
I, [2014-01-01T13:57:45.806888 #30328]  INFO -- : 0:  omniauth (1.1.4) from /home/laura/.rvm/gems/ruby-1.9.3-p484/specifications/omniauth-1.1.4.gemspec
I, [2014-01-01T13:57:46.775313 #30328]  INFO -- : 0:  omniauth-oauth (1.0.1) from /home/laura/.rvm/gems/ruby-1.9.3-p484/specifications/omniauth-oauth-1.0.1.gemspec
I, [2014-01-01T13:57:47.765688 #30328]  INFO -- : 0:  omniauth-tumblr (1.1) from /home/laura/.rvm/gems/ruby-1.9.3-p484/specifications/omniauth-tumblr-1.1.gemspec
I, [2014-01-01T13:57:49.237263 #30328]  INFO -- : 0:  omniauth-twitter (1.0.1) from /home/laura/.rvm/gems/ruby-1.9.3-p484/specifications/omniauth-twitter-1.0.1.gemspec
I, [2014-01-01T13:57:49.238583 #30328]  INFO -- : 0:  rack-protection (1.5.1) from /home/laura/.rvm/gems/ruby-1.9.3-p484/specifications/rack-protection-1.5.1.gemspec
I, [2014-01-01T13:57:49.239487 #30328]  INFO -- : 0:  simple_oauth (0.2.0) from /home/laura/.rvm/gems/ruby-1.9.3-p484/specifications/simple_oauth-0.2.0.gemspec
I, [2014-01-01T13:57:49.240384 #30328]  INFO -- : 0:  tilt (1.4.1) from /home/laura/.rvm/gems/ruby-1.9.3-p484/specifications/tilt-1.4.1.gemspec
I, [2014-01-01T13:57:49.241233 #30328]  INFO -- : 0:  sinatra (1.4.4) from /home/laura/.rvm/gems/ruby-1.9.3-p484/specifications/sinatra-1.4.4.gemspec
I, [2014-01-01T13:57:49.242068 #30328]  INFO -- : 0:  tumblr_client (0.8.2) from /home/laura/.rvm/gems/ruby-1.9.3-p484/specifications/tumblr_client-0.8.2.gemspec
I, [2014-01-01T13:57:49.242876 #30328]  INFO -- : 0:  bundler (1.5.1) from /home/laura/.rvm/gems/ruby-1.9.3-p484@global/specifications/bundler-1.5.1.gemspec
I, [2014-01-01T16:23:24.111774 #32344]  INFO -- : 0:  addressable (2.3.5) from /home/laura/.rvm/gems/ruby-1.9.3-p484/specifications/addressable-2.3.5.gemspec
I, [2014-01-01T16:23:26.619930 #32344]  INFO -- : 0:  bcrypt-ruby (3.1.2) from /home/laura/.rvm/gems/ruby-1.9.3-p484/specifications/bcrypt-ruby-3.1.2.gemspec
I, [2014-01-01T16:23:28.163409 #32344]  INFO -- : 0:  dm-core (1.2.1) from /home/laura/.rvm/gems/ruby-1.9.3-p484/specifications/dm-core-1.2.1.gemspec
I, [2014-01-01T16:23:29.110740 #32344]  INFO -- : 0:  dm-aggregates (1.2.0) from /home/laura/.rvm/gems/ruby-1.9.3-p484/specifications/dm-aggregates-1.2.0.gemspec
I, [2014-01-01T16:23:30.125175 #32344]  INFO -- : 0:  dm-constraints (1.2.0) from /home/laura/.rvm/gems/ruby-1.9.3-p484/specifications/dm-constraints-1.2.0.gemspec
I, [2014-01-01T16:23:31.139242 #32344]  INFO -- : 0:  dm-migrations (1.2.0) from /home/laura/.rvm/gems/ruby-1.9.3-p484/specifications/dm-migrations-1.2.0.gemspec
I, [2014-01-01T16:23:32.664596 #32344]  INFO -- : 0:  fastercsv (1.5.5) from /home/laura/.rvm/gems/ruby-1.9.3-p484/specifications/fastercsv-1.5.5.gemspec
I, [2014-01-01T16:23:32.665020 #32344]  INFO -- : 0:  json (1.8.1) from /home/laura/.rvm/gems/ruby-1.9.3-p484/specifications/json-1.8.1.gemspec
I, [2014-01-01T16:23:34.101414 #32344]  INFO -- : 0:  json_pure (1.8.1) from /home/laura/.rvm/gems/ruby-1.9.3-p484/specifications/json_pure-1.8.1.gemspec
I, [2014-01-01T16:23:34.101880 #32344]  INFO -- : 0:  multi_json (1.8.2) from /home/laura/.rvm/gems/ruby-1.9.3-p484/specifications/multi_json-1.8.2.gemspec
I, [2014-01-01T16:23:35.116271 #32344]  INFO -- : 0:  dm-serializer (1.2.2) from /home/laura/.rvm/gems/ruby-1.9.3-p484/specifications/dm-serializer-1.2.2.gemspec
I, [2014-01-01T16:23:35.996073 #32344]  INFO -- : 0:  dm-timestamps (1.2.0) from /home/laura/.rvm/gems/ruby-1.9.3-p484/specifications/dm-timestamps-1.2.0.gemspec
I, [2014-01-01T16:23:36.979320 #32344]  INFO -- : 0:  dm-transactions (1.2.0) from /home/laura/.rvm/gems/ruby-1.9.3-p484/specifications/dm-transactions-1.2.0.gemspec
I, [2014-01-01T16:23:38.217863 #32344]  INFO -- : 0:  stringex (1.5.1) from /home/laura/.rvm/gems/ruby-1.9.3-p484/specifications/stringex-1.5.1.gemspec
I, [2014-01-01T16:23:39.564801 #32344]  INFO -- : 0:  uuidtools (2.1.4) from /home/laura/.rvm/gems/ruby-1.9.3-p484/specifications/uuidtools-2.1.4.gemspec
I, [2014-01-01T16:23:40.589196 #32344]  INFO -- : 0:  dm-types (1.2.2) from /home/laura/.rvm/gems/ruby-1.9.3-p484/specifications/dm-types-1.2.2.gemspec
I, [2014-01-01T16:23:41.894094 #32344]  INFO -- : 0:  dm-validations (1.2.0) from /home/laura/.rvm/gems/ruby-1.9.3-p484/specifications/dm-validations-1.2.0.gemspec
I, [2014-01-01T16:23:42.751845 #32344]  INFO -- : 0:  datamapper (1.2.0) from /home/laura/.rvm/gems/ruby-1.9.3-p484/specifications/datamapper-1.2.0.gemspec
I, [2014-01-01T16:23:42.752974 #32344]  INFO -- : 0:  multipart-post (1.2.0) from /home/laura/.rvm/gems/ruby-1.9.3-p484/specifications/multipart-post-1.2.0.gemspec
I, [2014-01-01T16:23:42.753803 #32344]  INFO -- : 0:  faraday (0.8.8) from /home/laura/.rvm/gems/ruby-1.9.3-p484/specifications/faraday-0.8.8.gemspec
I, [2014-01-01T16:23:42.754649 #32344]  INFO -- : 0:  faraday_middleware (0.9.0) from /home/laura/.rvm/gems/ruby-1.9.3-p484/specifications/faraday_middleware-0.9.0.gemspec
I, [2014-01-01T16:23:42.755456 #32344]  INFO -- : 0:  hashie (2.0.5) from /home/laura/.rvm/gems/ruby-1.9.3-p484/specifications/hashie-2.0.5.gemspec
I, [2014-01-01T16:23:42.756253 #32344]  INFO -- : 0:  mime-types (2.0) from /home/laura/.rvm/gems/ruby-1.9.3-p484/specifications/mime-types-2.0.gemspec
I, [2014-01-01T16:23:42.757071 #32344]  INFO -- : 0:  oauth (0.4.7) from /home/laura/.rvm/gems/ruby-1.9.3-p484/specifications/oauth-0.4.7.gemspec
I, [2014-01-01T16:23:42.757870 #32344]  INFO -- : 0:  rack (1.5.2) from /home/laura/.rvm/gems/ruby-1.9.3-p484/specifications/rack-1.5.2.gemspec
I, [2014-01-01T16:23:42.758713 #32344]  INFO -- : 0:  omniauth (1.1.4) from /home/laura/.rvm/gems/ruby-1.9.3-p484/specifications/omniauth-1.1.4.gemspec
I, [2014-01-01T16:23:42.759517 #32344]  INFO -- : 0:  omniauth-oauth (1.0.1) from /home/laura/.rvm/gems/ruby-1.9.3-p484/specifications/omniauth-oauth-1.0.1.gemspec
I, [2014-01-01T16:23:42.760299 #32344]  INFO -- : 0:  omniauth-tumblr (1.1) from /home/laura/.rvm/gems/ruby-1.9.3-p484/specifications/omniauth-tumblr-1.1.gemspec
I, [2014-01-01T16:23:42.761104 #32344]  INFO -- : 0:  rack-protection (1.5.1) from /home/laura/.rvm/gems/ruby-1.9.3-p484/specifications/rack-protection-1.5.1.gemspec
I, [2014-01-01T16:23:42.761890 #32344]  INFO -- : 0:  simple_oauth (0.2.0) from /home/laura/.rvm/gems/ruby-1.9.3-p484/specifications/simple_oauth-0.2.0.gemspec
I, [2014-01-01T16:23:42.762897 #32344]  INFO -- : 0:  tilt (1.4.1) from /home/laura/.rvm/gems/ruby-1.9.3-p484/specifications/tilt-1.4.1.gemspec
I, [2014-01-01T16:23:42.764109 #32344]  INFO -- : 0:  sinatra (1.4.4) from /home/laura/.rvm/gems/ruby-1.9.3-p484/specifications/sinatra-1.4.4.gemspec
I, [2014-01-01T16:23:42.764980 #32344]  INFO -- : 0:  tumblr_client (0.8.2) from /home/laura/.rvm/gems/ruby-1.9.3-p484/specifications/tumblr_client-0.8.2.gemspec
I, [2014-01-01T16:23:42.765793 #32344]  INFO -- : 0:  bundler (1.5.1) from /home/laura/.rvm/gems/ruby-1.9.3-p484@global/specifications/bundler-1.5.1.gemspec
